<?xml version="1.0" encoding="UTF-8"?>
<robot generator="Robot 7.1 (Python 3.12.5 on win32)" generated="2024-10-21T12:42:29.506295" rpa="false" schemaversion="5">
<suite id="s1" name="Robot Suite" source="C:\Users\manist\OneDrive - KONGSBERG\Skrivebord\Myself\.vscode\Python Robot Framework\RobotFrameWork_Repo\Robot_Framework_folder\robot_suite">
<suite id="s1-s1" name="Demo1 Suite" source="C:\Users\manist\OneDrive - KONGSBERG\Skrivebord\Myself\.vscode\Python Robot Framework\RobotFrameWork_Repo\Robot_Framework_folder\robot_suite\demo1_suite.robot">
<test id="s1-s1-t1" name="TC1" line="9">
<kw name="Log To Console" owner="BuiltIn">
<arg>message=before setting value</arg>
<doc>Logs the given message to the console.</doc>
<status status="PASS" start="2024-10-21T12:42:29.541181" elapsed="0.000000"/>
</kw>
<kw name="Set Variable" owner="BuiltIn">
<msg time="2024-10-21T12:42:29.542189" level="INFO">${name} = Manish Thakur</msg>
<var>${name}</var>
<arg>Manish Thakur</arg>
<doc>Returns the given values which can then be assigned to a variables.</doc>
<status status="PASS" start="2024-10-21T12:42:29.542189" elapsed="0.000000"/>
</kw>
<kw name="Set Variable" owner="BuiltIn">
<msg time="2024-10-21T12:42:29.542189" level="INFO">${Introduction} = My Name is Manish Thakur and i am Python Developer</msg>
<var>${Introduction}</var>
<arg>My Name is ${name} and i am Python Developer</arg>
<doc>Returns the given values which can then be assigned to a variables.</doc>
<status status="PASS" start="2024-10-21T12:42:29.542189" elapsed="0.000000"/>
</kw>
<kw name="Log To Console" owner="BuiltIn">
<arg>${Introduction}</arg>
<doc>Logs the given message to the console.</doc>
<status status="PASS" start="2024-10-21T12:42:29.542189" elapsed="0.001094"/>
</kw>
<kw name="Log To Console" owner="BuiltIn">
<arg>after setting value</arg>
<doc>Logs the given message to the console.</doc>
<status status="PASS" start="2024-10-21T12:42:29.543283" elapsed="0.000000"/>
</kw>
<status status="PASS" start="2024-10-21T12:42:29.532529" elapsed="0.010754"/>
</test>
<test id="s1-s1-t2" name="TC2" line="16">
<kw name="Log To Console" owner="BuiltIn">
<arg>This is Addition Operation</arg>
<doc>Logs the given message to the console.</doc>
<status status="PASS" start="2024-10-21T12:42:29.544250" elapsed="0.000000"/>
</kw>
<kw name="Set Variable" owner="BuiltIn">
<msg time="2024-10-21T12:42:29.545193" level="INFO">${a} = 5</msg>
<var>${a}</var>
<arg>5</arg>
<doc>Returns the given values which can then be assigned to a variables.</doc>
<status status="PASS" start="2024-10-21T12:42:29.544250" elapsed="0.000943"/>
</kw>
<kw name="Log" owner="BuiltIn">
<msg time="2024-10-21T12:42:29.545193" level="INFO">Setting Variable 5</msg>
<arg>Setting Variable ${a}</arg>
<doc>Logs the given message with the given level.</doc>
<status status="PASS" start="2024-10-21T12:42:29.545193" elapsed="0.000000"/>
</kw>
<kw name="Set Variable" owner="BuiltIn">
<msg time="2024-10-21T12:42:29.545193" level="INFO">${pi} = 3.14</msg>
<var>${pi}</var>
<arg>3.14</arg>
<doc>Returns the given values which can then be assigned to a variables.</doc>
<status status="PASS" start="2024-10-21T12:42:29.545193" elapsed="0.000000"/>
</kw>
<kw name="Log" owner="BuiltIn">
<msg time="2024-10-21T12:42:29.545193" level="INFO">Setting Variable 3.14</msg>
<arg>Setting Variable ${pi}</arg>
<doc>Logs the given message with the given level.</doc>
<status status="PASS" start="2024-10-21T12:42:29.545193" elapsed="0.000000"/>
</kw>
<kw name="Log" owner="BuiltIn">
<msg time="2024-10-21T12:42:29.545193" level="INFO">performing Operation of Area of Circle</msg>
<arg>performing Operation of Area of Circle</arg>
<doc>Logs the given message with the given level.</doc>
<status status="PASS" start="2024-10-21T12:42:29.545193" elapsed="0.000000"/>
</kw>
<kw name="Evaluate" owner="BuiltIn">
<msg time="2024-10-21T12:42:29.545193" level="INFO">${area} = 78.5</msg>
<var>${area}</var>
<arg>${pi}*${a} **2</arg>
<doc>Evaluates the given expression in Python and returns the result.</doc>
<status status="PASS" start="2024-10-21T12:42:29.545193" elapsed="0.000000"/>
</kw>
<kw name="Log To Console" owner="BuiltIn">
<arg>This Is Area : ${area}</arg>
<doc>Logs the given message to the console.</doc>
<status status="PASS" start="2024-10-21T12:42:29.546277" elapsed="0.000177"/>
</kw>
<status status="PASS" start="2024-10-21T12:42:29.544250" elapsed="0.002204"/>
</test>
<test id="s1-s1-t3" name="TC3" line="25">
<kw name="Get Current Date" owner="DateTime">
<msg time="2024-10-21T12:42:29.546454" level="INFO">${Date} = 2024-10-21 12:42:29.546</msg>
<var>${Date}</var>
<doc>Returns current local or UTC time with an optional increment.</doc>
<status status="PASS" start="2024-10-21T12:42:29.546454" elapsed="0.000000"/>
</kw>
<kw name="Log" owner="BuiltIn">
<msg time="2024-10-21T12:42:29.546454" level="INFO">2024-10-21 12:42:29.546</msg>
<arg>${Date}</arg>
<doc>Logs the given message with the given level.</doc>
<status status="PASS" start="2024-10-21T12:42:29.546454" elapsed="0.000000"/>
</kw>
<status status="PASS" start="2024-10-21T12:42:29.546454" elapsed="0.001241"/>
</test>
<test id="s1-s1-t4" name="split_string_test_case" line="29">
<kw name="Set Local Variable" owner="BuiltIn">
<msg time="2024-10-21T12:42:29.548703" level="INFO">${Email} = dannyjhonson@gmail.com</msg>
<arg>${Email}</arg>
<arg>dannyjhonson@gmail.com</arg>
<doc>Makes a variable available everywhere within the local scope.</doc>
<status status="PASS" start="2024-10-21T12:42:29.548703" elapsed="0.000000"/>
</kw>
<kw name="Split String" owner="String">
<msg time="2024-10-21T12:42:29.548703" level="INFO">${Content} = ['dannyjhonson', 'gmail.com']</msg>
<var>${Content}</var>
<arg>${Email}</arg>
<arg>@</arg>
<arg>1</arg>
<doc>Splits the ``string`` using ``separator`` as a delimiter string.</doc>
<status status="PASS" start="2024-10-21T12:42:29.548703" elapsed="0.000000"/>
</kw>
<kw name="Log To Console" owner="BuiltIn">
<arg>${Content}</arg>
<doc>Logs the given message to the console.</doc>
<status status="PASS" start="2024-10-21T12:42:29.548703" elapsed="0.001110"/>
</kw>
<status status="PASS" start="2024-10-21T12:42:29.547695" elapsed="0.002118"/>
</test>
<test id="s1-s1-t5" name="Remove_string_test_Case" line="34">
<kw name="Set Local Variable" owner="BuiltIn">
<msg time="2024-10-21T12:42:29.550721" level="INFO">${Email} = dannyjhonson@gmail.com</msg>
<arg>${Email}</arg>
<arg>dannyjhonson@gmail.com</arg>
<doc>Makes a variable available everywhere within the local scope.</doc>
<status status="PASS" start="2024-10-21T12:42:29.549813" elapsed="0.000908"/>
</kw>
<kw name="Remove String" owner="String">
<msg time="2024-10-21T12:42:29.550721" level="INFO">${removed_string} = dannyjhonsongmail.com</msg>
<var>${removed_string}</var>
<arg>${Email}</arg>
<arg>@</arg>
<doc>Removes all ``removables`` from the given ``string``.</doc>
<status status="PASS" start="2024-10-21T12:42:29.550721" elapsed="0.000000"/>
</kw>
<kw name="Log To Console" owner="BuiltIn">
<arg>${removed_string}</arg>
<doc>Logs the given message to the console.</doc>
<status status="PASS" start="2024-10-21T12:42:29.550721" elapsed="0.000000"/>
</kw>
<status status="PASS" start="2024-10-21T12:42:29.549813" elapsed="0.000908"/>
</test>
<test id="s1-s1-t6" name="create_local_list" line="39">
<kw name="Create List" owner="BuiltIn">
<msg time="2024-10-21T12:42:29.551701" level="INFO">@{fruite_list} = [ apple | banana | pineapple ]</msg>
<var>@{fruite_list}</var>
<arg>apple</arg>
<arg>banana</arg>
<arg>pineapple</arg>
<doc>Returns a list containing given items.</doc>
<status status="PASS" start="2024-10-21T12:42:29.551701" elapsed="0.000000"/>
</kw>
<kw name="Log To Console" owner="BuiltIn">
<arg>${fruite_list}</arg>
<doc>Logs the given message to the console.</doc>
<status status="PASS" start="2024-10-21T12:42:29.551701" elapsed="0.000000"/>
</kw>
<kw name="Set Local Variable" owner="BuiltIn">
<msg time="2024-10-21T12:42:29.552705" level="INFO">${variable} = guava</msg>
<arg>${variable}</arg>
<arg>guava</arg>
<doc>Makes a variable available everywhere within the local scope.</doc>
<status status="PASS" start="2024-10-21T12:42:29.552705" elapsed="0.000000"/>
</kw>
<kw name="Append To List" owner="Collections">
<arg>${fruite_list}</arg>
<arg>${variable}</arg>
<doc>Adds ``values`` to the end of ``list``.</doc>
<status status="PASS" start="2024-10-21T12:42:29.553451" elapsed="0.000000"/>
</kw>
<kw name="Log To Console" owner="BuiltIn">
<arg>${fruite_list}</arg>
<doc>Logs the given message to the console.</doc>
<status status="PASS" start="2024-10-21T12:42:29.553931" elapsed="0.000168"/>
</kw>
<kw name="Insert Into List" owner="Collections">
<arg>${fruite_list}</arg>
<arg>2</arg>
<arg>chiku</arg>
<doc>Inserts ``value`` into ``list`` to the position specified with ``index``.</doc>
<status status="PASS" start="2024-10-21T12:42:29.554456" elapsed="0.000000"/>
</kw>
<kw name="Log To Console" owner="BuiltIn">
<arg>${fruite_list}</arg>
<doc>Logs the given message to the console.</doc>
<status status="PASS" start="2024-10-21T12:42:29.554456" elapsed="0.000000"/>
</kw>
<kw name="Remove From List" owner="Collections">
<arg>${fruite_list}</arg>
<arg>0</arg>
<doc>Removes and returns the value specified with an ``index`` from ``list``.</doc>
<status status="PASS" start="2024-10-21T12:42:29.554456" elapsed="0.001019"/>
</kw>
<kw name="Log To Console" owner="BuiltIn">
<arg>${fruite_list}</arg>
<doc>Logs the given message to the console.</doc>
<status status="PASS" start="2024-10-21T12:42:29.555475" elapsed="0.000188"/>
</kw>
<status status="PASS" start="2024-10-21T12:42:29.551701" elapsed="0.003962"/>
</test>
<test id="s1-s1-t7" name="remove_duplicate_values" line="50">
<kw name="Create List" owner="BuiltIn">
<msg time="2024-10-21T12:42:29.555663" level="INFO">@{Duplicate_list} = [ 1 | 1 | 1 | 1 | 1 | 3 ]</msg>
<var>@{Duplicate_list}</var>
<arg>1</arg>
<arg>1</arg>
<arg>1</arg>
<arg>1</arg>
<arg>1</arg>
<arg>3</arg>
<doc>Returns a list containing given items.</doc>
<status status="PASS" start="2024-10-21T12:42:29.555663" elapsed="0.000000"/>
</kw>
<kw name="Remove Duplicates" owner="Collections">
<msg time="2024-10-21T12:42:29.556683" level="INFO">4 duplicates removed.</msg>
<msg time="2024-10-21T12:42:29.556683" level="INFO">@{output} = [ 1 | 3 ]</msg>
<var>@{output}</var>
<arg>${Duplicate_list}</arg>
<doc>Returns a list without duplicates based on the given ``list``.</doc>
<status status="PASS" start="2024-10-21T12:42:29.556683" elapsed="0.000000"/>
</kw>
<kw name="Log To Console" owner="BuiltIn">
<arg>${output}</arg>
<doc>Logs the given message to the console.</doc>
<status status="PASS" start="2024-10-21T12:42:29.556683" elapsed="0.000000"/>
</kw>
<status status="PASS" start="2024-10-21T12:42:29.555663" elapsed="0.001020"/>
</test>
<test id="s1-s1-t8" name="get_length" line="55">
<kw name="Create List" owner="BuiltIn">
<msg time="2024-10-21T12:42:29.557853" level="INFO">@{Duplicate_list} = [ 1 | 1 | 1 | 1 | 1 | 3 ]</msg>
<var>@{Duplicate_list}</var>
<arg>1</arg>
<arg>1</arg>
<arg>1</arg>
<arg>1</arg>
<arg>1</arg>
<arg>3</arg>
<doc>Returns a list containing given items.</doc>
<status status="PASS" start="2024-10-21T12:42:29.557853" elapsed="0.000000"/>
</kw>
<kw name="Get Length" owner="BuiltIn">
<msg time="2024-10-21T12:42:29.558358" level="INFO">Length is 6.</msg>
<msg time="2024-10-21T12:42:29.558358" level="INFO">${length_of_list} = 6</msg>
<var>${length_of_list}</var>
<arg>${Duplicate_list}</arg>
<doc>Returns and logs the length of the given item as an integer.</doc>
<status status="PASS" start="2024-10-21T12:42:29.558358" elapsed="0.000000"/>
</kw>
<kw name="Log To Console" owner="BuiltIn">
<arg>${length_of_list}</arg>
<doc>Logs the given message to the console.</doc>
<status status="PASS" start="2024-10-21T12:42:29.558358" elapsed="0.000465"/>
</kw>
<status status="PASS" start="2024-10-21T12:42:29.557691" elapsed="0.001132"/>
</test>
<test id="s1-s1-t9" name="using_for_loop" line="60">
<kw name="Create List" owner="BuiltIn">
<msg time="2024-10-21T12:42:29.558823" level="INFO">@{Duplicate_list} = [ 1 | 1 | 1 | 1 | 1 | 3 ]</msg>
<var>@{Duplicate_list}</var>
<arg>1</arg>
<arg>1</arg>
<arg>1</arg>
<arg>1</arg>
<arg>1</arg>
<arg>3</arg>
<doc>Returns a list containing given items.</doc>
<status status="PASS" start="2024-10-21T12:42:29.558823" elapsed="0.000000"/>
</kw>
<for flavor="IN">
<iter>
<kw name="Log To Console" owner="BuiltIn">
<arg>${element}</arg>
<doc>Logs the given message to the console.</doc>
<status status="PASS" start="2024-10-21T12:42:29.558823" elapsed="0.000000"/>
</kw>
<var name="${element}">1</var>
<status status="PASS" start="2024-10-21T12:42:29.558823" elapsed="0.000000"/>
</iter>
<iter>
<kw name="Log To Console" owner="BuiltIn">
<arg>${element}</arg>
<doc>Logs the given message to the console.</doc>
<status status="PASS" start="2024-10-21T12:42:29.558823" elapsed="0.000000"/>
</kw>
<var name="${element}">1</var>
<status status="PASS" start="2024-10-21T12:42:29.558823" elapsed="0.000000"/>
</iter>
<iter>
<kw name="Log To Console" owner="BuiltIn">
<arg>${element}</arg>
<doc>Logs the given message to the console.</doc>
<status status="PASS" start="2024-10-21T12:42:29.558823" elapsed="0.000000"/>
</kw>
<var name="${element}">1</var>
<status status="PASS" start="2024-10-21T12:42:29.558823" elapsed="0.000000"/>
</iter>
<iter>
<kw name="Log To Console" owner="BuiltIn">
<arg>${element}</arg>
<doc>Logs the given message to the console.</doc>
<status status="PASS" start="2024-10-21T12:42:29.561056" elapsed="0.000000"/>
</kw>
<var name="${element}">1</var>
<status status="PASS" start="2024-10-21T12:42:29.558823" elapsed="0.002233"/>
</iter>
<iter>
<kw name="Log To Console" owner="BuiltIn">
<arg>${element}</arg>
<doc>Logs the given message to the console.</doc>
<status status="PASS" start="2024-10-21T12:42:29.561056" elapsed="0.000000"/>
</kw>
<var name="${element}">1</var>
<status status="PASS" start="2024-10-21T12:42:29.561056" elapsed="0.000000"/>
</iter>
<iter>
<kw name="Log To Console" owner="BuiltIn">
<arg>${element}</arg>
<doc>Logs the given message to the console.</doc>
<status status="PASS" start="2024-10-21T12:42:29.561056" elapsed="0.000000"/>
</kw>
<var name="${element}">3</var>
<status status="PASS" start="2024-10-21T12:42:29.561056" elapsed="0.000000"/>
</iter>
<var>${element}</var>
<value>@{Duplicate_list}</value>
<status status="PASS" start="2024-10-21T12:42:29.558823" elapsed="0.002233"/>
</for>
<status status="PASS" start="2024-10-21T12:42:29.558823" elapsed="0.002233"/>
</test>
<status status="PASS" start="2024-10-21T12:42:29.523950" elapsed="0.038125"/>
</suite>
<suite id="s1-s2" name="Demo2 Suite" source="C:\Users\manist\OneDrive - KONGSBERG\Skrivebord\Myself\.vscode\Python Robot Framework\RobotFrameWork_Repo\Robot_Framework_folder\robot_suite\demo2_suite.robot">
<test id="s1-s2-t1" name="printing_gloabal_variables" line="9">
<kw name="Log To Console" owner="BuiltIn">
<arg>this is my default browser ${BROWSER_NAME}</arg>
<doc>Logs the given message to the console.</doc>
<status status="PASS" start="2024-10-21T12:42:29.564624" elapsed="0.000279"/>
</kw>
<kw name="Log" owner="BuiltIn">
<msg time="2024-10-21T12:42:29.564903" level="INFO">This are the content of list ['Red', 'Green', 'Yellow', 'Blue', 'Pink', 'oliveGreen']</msg>
<arg>This are the content of list ${COLOURS}</arg>
<doc>Logs the given message with the given level.</doc>
<status status="PASS" start="2024-10-21T12:42:29.564903" elapsed="0.000000"/>
</kw>
<kw name="Log To Console" owner="BuiltIn">
<arg>This is my fev ${COLOURS}[1]</arg>
<doc>Logs the given message to the console.</doc>
<status status="PASS" start="2024-10-21T12:42:29.564903" elapsed="0.000000"/>
</kw>
<status status="PASS" start="2024-10-21T12:42:29.564068" elapsed="0.000835"/>
</test>
<status status="PASS" start="2024-10-21T12:42:29.562640" elapsed="0.003270"/>
</suite>
<status status="PASS" start="2024-10-21T12:42:29.506295" elapsed="0.059615"/>
</suite>
<statistics>
<total>
<stat pass="10" fail="0" skip="0">All Tests</stat>
</total>
<tag>
</tag>
<suite>
<stat pass="10" fail="0" skip="0" id="s1" name="Robot Suite">Robot Suite</stat>
<stat pass="9" fail="0" skip="0" id="s1-s1" name="Demo1 Suite">Robot Suite.Demo1 Suite</stat>
<stat pass="1" fail="0" skip="0" id="s1-s2" name="Demo2 Suite">Robot Suite.Demo2 Suite</stat>
</suite>
</statistics>
<errors>
</errors>
</robot>
